<?xml version="1.0" encoding="UTF-8"?>
<!-- Generated by org.testng.reporters.JUnitReportReporter -->
<testsuite skipped="0" hostname="W1856222" name="runner.TestRunner" tests="1" failures="0" timestamp="20 Nov 2019 12:39:58 GMT" time="45.968" errors="0">
  <testcase name="feature" time="45.968" classname="runner.TestRunner"/>
</testsuite> <!-- runner.TestRunner -->
